<?xml version="1.0" encoding="UTF-8"?>
<testsuite xmlns:xsi="http://www.w3.org/2001/XMLSchema-instance" xsi:noNamespaceSchemaLocation="https://maven.apache.org/surefire/maven-surefire-plugin/xsd/surefire-test-report.xsd" name="jobshop.encodings.BasicSolverTests" time="0.069" tests="2" errors="1" skipped="0" failures="0">
  <properties>
    <property name="java.specification.version" value="17"/>
    <property name="sun.jnu.encoding" value="UTF-8"/>
    <property name="java.class.path" value="/home/mejri/Bureau/Metha/TP_Methaheuristique/code-template-main/target/test-classes:/home/mejri/Bureau/Metha/TP_Methaheuristique/code-template-main/target/classes:/home/mejri/.m2/repository/net/sourceforge/argparse4j/argparse4j/0.9.0/argparse4j-0.9.0.jar:/home/mejri/.m2/repository/junit/junit/4.13.2/junit-4.13.2.jar:/home/mejri/.m2/repository/org/hamcrest/hamcrest-core/1.3/hamcrest-core-1.3.jar:"/>
    <property name="java.vm.vendor" value="Private Build"/>
    <property name="sun.arch.data.model" value="64"/>
    <property name="java.vendor.url" value="Unknown"/>
    <property name="os.name" value="Linux"/>
    <property name="java.vm.specification.version" value="17"/>
    <property name="sun.java.launcher" value="SUN_STANDARD"/>
    <property name="user.country" value="FR"/>
    <property name="sun.boot.library.path" value="/usr/lib/jvm/java-17-openjdk-amd64/lib"/>
    <property name="sun.java.command" value="/home/mejri/Bureau/Metha/TP_Methaheuristique/code-template-main/target/surefire/surefirebooter9213836234463022840.jar /home/mejri/Bureau/Metha/TP_Methaheuristique/code-template-main/target/surefire 2024-05-16T19-05-13_890-jvmRun1 surefire11511870550415019966tmp surefire_02006499171398272tmp"/>
    <property name="jdk.debug" value="release"/>
    <property name="test" value="jobshop.encodings.BasicSolverTests"/>
    <property name="surefire.test.class.path" value="/home/mejri/Bureau/Metha/TP_Methaheuristique/code-template-main/target/test-classes:/home/mejri/Bureau/Metha/TP_Methaheuristique/code-template-main/target/classes:/home/mejri/.m2/repository/net/sourceforge/argparse4j/argparse4j/0.9.0/argparse4j-0.9.0.jar:/home/mejri/.m2/repository/junit/junit/4.13.2/junit-4.13.2.jar:/home/mejri/.m2/repository/org/hamcrest/hamcrest-core/1.3/hamcrest-core-1.3.jar:"/>
    <property name="sun.cpu.endian" value="little"/>
    <property name="user.home" value="/home/mejri"/>
    <property name="user.language" value="fr"/>
    <property name="java.specification.vendor" value="Oracle Corporation"/>
    <property name="java.version.date" value="2024-01-16"/>
    <property name="java.home" value="/usr/lib/jvm/java-17-openjdk-amd64"/>
    <property name="file.separator" value="/"/>
    <property name="basedir" value="/home/mejri/Bureau/Metha/TP_Methaheuristique/code-template-main"/>
    <property name="java.vm.compressedOopsMode" value="Zero based"/>
    <property name="line.separator" value="&#10;"/>
    <property name="java.vm.specification.vendor" value="Oracle Corporation"/>
    <property name="java.specification.name" value="Java Platform API Specification"/>
    <property name="surefire.real.class.path" value="/home/mejri/Bureau/Metha/TP_Methaheuristique/code-template-main/target/surefire/surefirebooter9213836234463022840.jar"/>
    <property name="sun.management.compiler" value="HotSpot 64-Bit Tiered Compilers"/>
    <property name="java.runtime.version" value="17.0.10+7-Ubuntu-122.04.1"/>
    <property name="user.name" value="mejri"/>
    <property name="path.separator" value=":"/>
    <property name="os.version" value="6.5.0-35-generic"/>
    <property name="java.runtime.name" value="OpenJDK Runtime Environment"/>
    <property name="file.encoding" value="UTF-8"/>
    <property name="java.vm.name" value="OpenJDK 64-Bit Server VM"/>
    <property name="maven.ext.class.path" value="/home/mejri/.vscode/extensions/asf.apache-netbeans-java-21.9.9/nbcode/java/maven-nblib/netbeans-eventspy.jar"/>
    <property name="localRepository" value="/home/mejri/.m2/repository"/>
    <property name="java.vendor.url.bug" value="Unknown"/>
    <property name="java.io.tmpdir" value="/tmp"/>
    <property name="java.version" value="17.0.10"/>
    <property name="user.dir" value="/home/mejri/Bureau/Metha/TP_Methaheuristique/code-template-main"/>
    <property name="os.arch" value="amd64"/>
    <property name="java.vm.specification.name" value="Java Virtual Machine Specification"/>
    <property name="native.encoding" value="UTF-8"/>
    <property name="java.library.path" value="/usr/java/packages/lib:/usr/lib/x86_64-linux-gnu/jni:/lib/x86_64-linux-gnu:/usr/lib/x86_64-linux-gnu:/usr/lib/jni:/lib:/usr/lib"/>
    <property name="java.vm.info" value="mixed mode, sharing"/>
    <property name="java.vendor" value="Private Build"/>
    <property name="java.vm.version" value="17.0.10+7-Ubuntu-122.04.1"/>
    <property name="sun.io.unicode.encoding" value="UnicodeLittle"/>
    <property name="java.class.version" value="61.0"/>
  </properties>
  <testcase name="testDescentSover" classname="jobshop.encodings.BasicSolverTests" time="0.029">
    <error message="Cannot read field &quot;task&quot; because &quot;task&quot; is null" type="java.lang.NullPointerException">java.lang.NullPointerException: Cannot read field "task" because "task" is null
	at jobshop.encodings.BasicSolverTests.testDescentSover(BasicSolverTests.java:51)
</error>
    <system-out><![CDATA[Je suis SPT
remove : (0, 0)
1
Je suis SPT
remove : (5, 0)
3
Je suis SPT
remove : (3, 0)
5
Je suis SPT
remove : (2, 0)
5
Je suis SPT
remove : (1, 0)
8
Je suis SPT
remove : (4, 0)
9
]]></system-out>
  </testcase>
  <testcase name="testBasicSolver" classname="jobshop.encodings.BasicSolverTests" time="0.011"/>
</testsuite>