<?xml version="1.0" encoding="UTF-8"?>
<testsuite xmlns:xsi="http://www.w3.org/2001/XMLSchema-instance" xsi:noNamespaceSchemaLocation="https://maven.apache.org/surefire/maven-surefire-plugin/xsd/surefire-test-report.xsd" name="jobshop.encodings.ManualEncodingTests" time="0.054" tests="4" errors="0" skipped="3" failures="0">
  <properties>
    <property name="java.specification.version" value="17"/>
    <property name="sun.jnu.encoding" value="UTF-8"/>
    <property name="java.class.path" value="/home/mejri/Bureau/Metha/TP_Methaheuristique/code-template-main/target/test-classes:/home/mejri/Bureau/Metha/TP_Methaheuristique/code-template-main/target/classes:/home/mejri/.m2/repository/net/sourceforge/argparse4j/argparse4j/0.9.0/argparse4j-0.9.0.jar:/home/mejri/.m2/repository/junit/junit/4.13.2/junit-4.13.2.jar:/home/mejri/.m2/repository/org/hamcrest/hamcrest-core/1.3/hamcrest-core-1.3.jar:"/>
    <property name="java.vm.vendor" value="Private Build"/>
    <property name="sun.arch.data.model" value="64"/>
    <property name="java.vendor.url" value="Unknown"/>
    <property name="os.name" value="Linux"/>
    <property name="java.vm.specification.version" value="17"/>
    <property name="sun.java.launcher" value="SUN_STANDARD"/>
    <property name="user.country" value="FR"/>
    <property name="sun.boot.library.path" value="/usr/lib/jvm/java-17-openjdk-amd64/lib"/>
    <property name="sun.java.command" value="/home/mejri/Bureau/Metha/TP_Methaheuristique/code-template-main/target/surefire/surefirebooter14088792071721298211.jar /home/mejri/Bureau/Metha/TP_Methaheuristique/code-template-main/target/surefire 2024-04-05T10-13-28_976-jvmRun1 surefire7434772043894253043tmp surefire_012754926178356971476tmp"/>
    <property name="jdk.debug" value="release"/>
    <property name="test" value="jobshop.encodings.ManualEncodingTests"/>
    <property name="surefire.test.class.path" value="/home/mejri/Bureau/Metha/TP_Methaheuristique/code-template-main/target/test-classes:/home/mejri/Bureau/Metha/TP_Methaheuristique/code-template-main/target/classes:/home/mejri/.m2/repository/net/sourceforge/argparse4j/argparse4j/0.9.0/argparse4j-0.9.0.jar:/home/mejri/.m2/repository/junit/junit/4.13.2/junit-4.13.2.jar:/home/mejri/.m2/repository/org/hamcrest/hamcrest-core/1.3/hamcrest-core-1.3.jar:"/>
    <property name="sun.cpu.endian" value="little"/>
    <property name="user.home" value="/home/mejri"/>
    <property name="user.language" value="fr"/>
    <property name="java.specification.vendor" value="Oracle Corporation"/>
    <property name="java.version.date" value="2024-01-16"/>
    <property name="java.home" value="/usr/lib/jvm/java-17-openjdk-amd64"/>
    <property name="file.separator" value="/"/>
    <property name="basedir" value="/home/mejri/Bureau/Metha/TP_Methaheuristique/code-template-main"/>
    <property name="java.vm.compressedOopsMode" value="Zero based"/>
    <property name="line.separator" value="&#10;"/>
    <property name="java.vm.specification.vendor" value="Oracle Corporation"/>
    <property name="java.specification.name" value="Java Platform API Specification"/>
    <property name="surefire.real.class.path" value="/home/mejri/Bureau/Metha/TP_Methaheuristique/code-template-main/target/surefire/surefirebooter14088792071721298211.jar"/>
    <property name="sun.management.compiler" value="HotSpot 64-Bit Tiered Compilers"/>
    <property name="java.runtime.version" value="17.0.10+7-Ubuntu-122.04.1"/>
    <property name="user.name" value="mejri"/>
    <property name="path.separator" value=":"/>
    <property name="os.version" value="6.5.0-26-generic"/>
    <property name="java.runtime.name" value="OpenJDK Runtime Environment"/>
    <property name="file.encoding" value="UTF-8"/>
    <property name="java.vm.name" value="OpenJDK 64-Bit Server VM"/>
    <property name="maven.ext.class.path" value="/home/mejri/.vscode/extensions/asf.apache-netbeans-java-21.0.0/nbcode/java/maven-nblib/netbeans-eventspy.jar"/>
    <property name="localRepository" value="/home/mejri/.m2/repository"/>
    <property name="java.vendor.url.bug" value="Unknown"/>
    <property name="java.io.tmpdir" value="/tmp"/>
    <property name="java.version" value="17.0.10"/>
    <property name="user.dir" value="/home/mejri/Bureau/Metha/TP_Methaheuristique/code-template-main"/>
    <property name="os.arch" value="amd64"/>
    <property name="java.vm.specification.name" value="Java Virtual Machine Specification"/>
    <property name="native.encoding" value="UTF-8"/>
    <property name="java.library.path" value="/usr/local/insa/src/lxd/go/deps/raft/.libs/:/usr/local/insa/src/lxd/go/deps/dqlite/.libs/:/usr/local/insa/lib:$LD_LIBRARY_PATH:/usr/java/packages/lib:/usr/lib/x86_64-linux-gnu/jni:/lib/x86_64-linux-gnu:/usr/lib/x86_64-linux-gnu:/usr/lib/jni:/lib:/usr/lib"/>
    <property name="java.vm.info" value="mixed mode, sharing"/>
    <property name="java.vendor" value="Private Build"/>
    <property name="java.vm.version" value="17.0.10+7-Ubuntu-122.04.1"/>
    <property name="sun.io.unicode.encoding" value="UnicodeLittle"/>
    <property name="java.class.version" value="61.0"/>
  </properties>
  <testcase name="testManualSchedule" classname="jobshop.encodings.ManualEncodingTests" time="0.021"/>
  <testcase name="testInvalidResourceOrder" classname="jobshop.encodings.ManualEncodingTests" time="0">
    <skipped message="Not ready yet"/>
  </testcase>
  <testcase name="testOptimalResourceOrder" classname="jobshop.encodings.ManualEncodingTests" time="0">
    <skipped message="Not ready yet"/>
  </testcase>
  <testcase name="testManualResourceOrder" classname="jobshop.encodings.ManualEncodingTests" time="0">
    <skipped message="Not ready yet"/>
  </testcase>
</testsuite>